Arguments: 
  C:\Program Files\nodejs\node.exe C:\Users\taofe\AppData\Roaming\npm\node_modules\yarn\bin\yarn.js add @mikro-orm/cli @mikro-orm/core @mikro-orm/migrations @mikro-orm/posgtresql pg

PATH: 
  C:\Program Files\Git\mingw64\bin;C:\Program Files\Git\usr\bin;C:\Users\taofe\bin;C:\Python39\Scripts;C:\Python39;C:\Python38\Scripts;C:\Python38;C:\Users\taofe\Anaconda3\envs\python36;C:\Users\taofe\AppData\Local\Programs\Python\Python36;C:\Users\taofe\AppData\Local\Programs\Python\Python36\Scripts;C:\Users\taofe\AppData\Local\Programs\Python\Python37;C:\Program Files\Microsoft MPI\Bin;C:\ProgramData\Boxstarter;C:\Program Files (x86)\Intel\iCLS Client;C:\Program Files\Intel\iCLS Client;C:\windows\system32;C:\windows;C:\windows\System32\Wbem;C:\windows\System32\WindowsPowerShell\v1.0;C:\Program Files (x86)\Intel\Intel(R) Management Engine Components\DAL;C:\Program Files\Intel\Intel(R) Management Engine Components\DAL;C:\Program Files (x86)\Intel\Intel(R) Management Engine Components\IPT;C:\Program Files\Intel\Intel(R) Management Engine Components\IPT;C:\ProgramData\chocolatey\bin;C:\mingw-w64\i686-8.1.0-posix-dwarf-rt_v6-rev0\mingw32\bin;C:\WINDOWS\system32;C:\WINDOWS;C:\WINDOWS\System32\Wbem;C:\WINDOWS\System32\WindowsPowerShell\v1.0;C:\WINDOWS\System32\OpenSSH;C:\Users\taofe\Anaconda3;C:\Program Files\MongoDB\Server\4.0\bin;C:\MinGW\bin;C:\Users\taofe\AppData\Local\Android\Sdk\platform-tools;C:\Users\taofe\Anaconda3\Scripts;C:\xampp\php;C:\Program Files\dotnet;C:\Program Files\Git\cmd;C:\webdrivers;C:\Program Files\Microsoft SQL Server\130\Tools\Binn;C:\Program Files\Microsoft SQL Server\Client SDK\ODBC\170\Tools\Binn;C:\Program Files\Intel\WiFi\bin;C:\Program Files\Common Files\Intel\WirelessCommon;C:\Program Files (x86)\Microsoft SQL Server\150\Tools\Binn;C:\Program Files\Microsoft SQL Server\150\Tools\Binn;C:\Program Files (x86)\Microsoft SQL Server\150\DTS\Binn;C:\Program Files\Microsoft SQL Server\150\DTS\Binn;C:\Dart\dart-sdk\bin;C:\Program Files\MongoDB\Server\4.2\bin;C:\Program Files\PuTTY;C:\Program Files\Amazon\AWSCLIV2;C:\MinGW\msys\1.0\bin;C:\Program Files\Docker\Docker\resources\bin;C:\ProgramData\DockerDesktop\version-bin;C:\Program Files\nodejs;C:\Program Files\PostgreSQL\13\bin;C:\Program Files\MySQL\MySQL Shell 8.0\bin;C:\Users\taofe\Anaconda3;C:\Users\taofe\Anaconda3\Library\mingw-w64\bin;C:\Users\taofe\Anaconda3\Library\usr\bin;C:\Users\taofe\Anaconda3\Library\bin;C:\Users\taofe\Anaconda3\Scripts;C:\Users\taofe\AppData\Local\Programs\Python\Python36\Scripts;C:\Users\taofe\AppData\Local\Programs\Python\Python36;C:\Users\taofe\Anaconda3\envs\python36;C:\Users\taofe\AppData\Local\Programs\Python\Python37;C:\Program Files\heroku\bin;C:\Users\taofe\go\bin;C:\Users\taofe\.dotnet\tools;C:\flutter\bin;C:\flutter\.pub-cache\bin;C:\Users\taofe\AppData\Local\Microsoft\WindowsApps;C:\Users\taofe\Anaconda3\envs\tf_env;C:\Users\taofe\AppData\Local\Programs\Microsoft VS Code\bin;C:\Users\taofe\AppData\Roaming\npm

Yarn version: 
  1.22.10

Node version: 
  14.16.0

Platform: 
  win32 x64

Trace: 
  Error: https://registry.yarnpkg.com/@mikro-orm%2fposgtresql: Not found
      at Request.params.callback [as _callback] (C:\Users\taofe\AppData\Roaming\npm\node_modules\yarn\lib\cli.js:66988:18)
      at Request.self.callback (C:\Users\taofe\AppData\Roaming\npm\node_modules\yarn\lib\cli.js:140662:22)
      at Request.emit (events.js:315:20)
      at Request.<anonymous> (C:\Users\taofe\AppData\Roaming\npm\node_modules\yarn\lib\cli.js:141634:10)
      at Request.emit (events.js:315:20)
      at IncomingMessage.<anonymous> (C:\Users\taofe\AppData\Roaming\npm\node_modules\yarn\lib\cli.js:141556:12)
      at Object.onceWrapper (events.js:421:28)
      at IncomingMessage.emit (events.js:327:22)
      at endReadableNT (internal/streams/readable.js:1327:12)
      at processTicksAndRejections (internal/process/task_queues.js:80:21)

npm manifest: 
  {
    "name": "lireddit-server",
    "version": "1.0.0",
    "description": "",
    "main": "index.js",
    "scripts": {
      "watch":"tsc -w",
      "dev":"nodemon dist/index.js",
      "dev2":"nodemon --exec ts-node src/index.ts",
      "start":"node dist/index.js",
      "start2":"ts-node src/index.ts"
    },
    "keywords": [],
    "author": "",
    "license": "ISC",
    "devDependencies": {
      "@types/node": "14.14.37",
      "ts-node": "9.1.1",
      "typescript": "4.2.4"
    }
  }

yarn manifest: 
  No manifest

Lockfile: 
  # THIS IS AN AUTOGENERATED FILE. DO NOT EDIT THIS FILE DIRECTLY.
  # yarn lockfile v1
  
  
  "@types/node@14.14.37":
    version "14.14.37"
    resolved "https://registry.yarnpkg.com/@types/node/-/node-14.14.37.tgz#a3dd8da4eb84a996c36e331df98d82abd76b516e"
    integrity sha512-XYmBiy+ohOR4Lh5jE379fV2IU+6Jn4g5qASinhitfyO71b/sCo6MKsMLF5tc7Zf2CE8hViVQyYSobJNke8OvUw==
  
  arg@^4.1.0:
    version "4.1.3"
    resolved "https://registry.yarnpkg.com/arg/-/arg-4.1.3.tgz#269fc7ad5b8e42cb63c896d5666017261c144089"
    integrity sha512-58S9QDqG0Xx27YwPSt9fJxivjYl432YCwfDMfZ+71RAqUrZef7LrKQZ3LHLOwCS4FLNBplP533Zx895SeOCHvA==
  
  buffer-from@^1.0.0:
    version "1.1.1"
    resolved "https://registry.yarnpkg.com/buffer-from/-/buffer-from-1.1.1.tgz#32713bc028f75c02fdb710d7c7bcec1f2c6070ef"
    integrity sha512-MQcXEUbCKtEo7bhqEs6560Hyd4XaovZlO/k9V3hjVUF/zwW7KBVdSK4gIt/bzwS9MbR5qob+F5jusZsb0YQK2A==
  
  create-require@^1.1.0:
    version "1.1.1"
    resolved "https://registry.yarnpkg.com/create-require/-/create-require-1.1.1.tgz#c1d7e8f1e5f6cfc9ff65f9cd352d37348756c333"
    integrity sha512-dcKFX3jn0MpIaXjisoRvexIJVEKzaq7z2rZKxf+MSr9TkdmHmsU4m2lcLojrj/FHl8mk5VxMmYA+ftRkP/3oKQ==
  
  diff@^4.0.1:
    version "4.0.2"
    resolved "https://registry.yarnpkg.com/diff/-/diff-4.0.2.tgz#60f3aecb89d5fae520c11aa19efc2bb982aade7d"
    integrity sha512-58lmxKSA4BNyLz+HHMUzlOEpg09FV+ev6ZMe3vJihgdxzgcwZ8VoEEPmALCZG9LmqfVoNMMKpttIYTVG6uDY7A==
  
  make-error@^1.1.1:
    version "1.3.6"
    resolved "https://registry.yarnpkg.com/make-error/-/make-error-1.3.6.tgz#2eb2e37ea9b67c4891f684a1394799af484cf7a2"
    integrity sha512-s8UhlNe7vPKomQhC1qFelMokr/Sc3AgNbso3n74mVPA5LTZwkB9NlXf4XPamLxJE8h0gh73rM94xvwRT2CVInw==
  
  source-map-support@^0.5.17:
    version "0.5.19"
    resolved "https://registry.yarnpkg.com/source-map-support/-/source-map-support-0.5.19.tgz#a98b62f86dcaf4f67399648c085291ab9e8fed61"
    integrity sha512-Wonm7zOCIJzBGQdB+thsPar0kYuCIzYvxZwlBa87yi/Mdjv7Tip2cyVbLj5o0cFPN4EVkuTwb3GDDyUx2DGnGw==
    dependencies:
      buffer-from "^1.0.0"
      source-map "^0.6.0"
  
  source-map@^0.6.0:
    version "0.6.1"
    resolved "https://registry.yarnpkg.com/source-map/-/source-map-0.6.1.tgz#74722af32e9614e9c287a8d0bbde48b5e2f1a263"
    integrity sha512-UjgapumWlbMhkBgzT7Ykc5YXUT46F0iKu8SGXq0bcwP5dz/h0Plj6enJqjz1Zbq2l5WaqYnrVbwWOWMyF3F47g==
  
  ts-node@9.1.1:
    version "9.1.1"
    resolved "https://registry.yarnpkg.com/ts-node/-/ts-node-9.1.1.tgz#51a9a450a3e959401bda5f004a72d54b936d376d"
    integrity sha512-hPlt7ZACERQGf03M253ytLY3dHbGNGrAq9qIHWUY9XHYl1z7wYngSr3OQ5xmui8o2AaxsONxIzjafLUiWBo1Fg==
    dependencies:
      arg "^4.1.0"
      create-require "^1.1.0"
      diff "^4.0.1"
      make-error "^1.1.1"
      source-map-support "^0.5.17"
      yn "3.1.1"
  
  typescript@4.2.4:
    version "4.2.4"
    resolved "https://registry.yarnpkg.com/typescript/-/typescript-4.2.4.tgz#8610b59747de028fda898a8aef0e103f156d0961"
    integrity sha512-V+evlYHZnQkaz8TRBuxTA92yZBPotr5H+WhQ7bD3hZUndx5tGOa1fuCgeSjxAzM1RiN5IzvadIXTVefuuwZCRg==
  
  yn@3.1.1:
    version "3.1.1"
    resolved "https://registry.yarnpkg.com/yn/-/yn-3.1.1.tgz#1e87401a09d767c1d5eab26a6e4c185182d2eb50"
    integrity sha512-Ux4ygGWsu2c7isFWe8Yu1YluJmqVhxqK2cLXNQA5AcC3QfbGNpM7fu0Y8b/z16pXLnFxZYvWhd3fhBY9DLmC6Q==
